<?xml version="1.0" encoding="UTF-8"?>
<!-- Generated by org.testng.reporters.JUnitReportReporter -->
<testsuite hostname="Lav-Gupta.domain.name" failures="0" tests="2" name="com.qa.testcases.WiproDemo" time="74.575" errors="0" timestamp="25 Jul 2020 17:21:33 GMT" skipped="0">
  <testcase classname="com.qa.testcases.WiproDemo" name="loginIntoApplicationViaEmail" time="18.860"/>
  <testcase classname="com.qa.testcases.WiproDemo" name="VerifyDesiredProductDetailsOnCheckoutPage" time="55.715"/>
</testsuite> <!-- com.qa.testcases.WiproDemo -->
