<?xml version="1.0" encoding="UTF-8"?>
<!-- Generated by org.testng.reporters.JUnitReportReporter -->
<testsuite hostname="Lav-Gupta.local" failures="0" tests="2" name="com.qa.testcases.AppiumDemo" time="71.699" errors="0" timestamp="30 Jul 2020 11:47:51 GMT" skipped="0">
  <testcase classname="com.qa.testcases.AppiumDemo" name="VerifyDesiredProductDetailsOnCheckoutPage" time="52.849"/>
  <testcase classname="com.qa.testcases.AppiumDemo" name="loginIntoApplicationViaEmail" time="18.850"/>
</testsuite> <!-- com.qa.testcases.AppiumDemo -->
