<?xml version="1.0" encoding="UTF-8"?>
<!-- Generated by org.testng.reporters.JUnitReportReporter -->
<testsuite hostname="Lav-Gupta.local" failures="0" tests="1" name="com.crm.qa.testcases.WiproDemo" time="83.016" errors="0" timestamp="23 Jul 2020 14:32:53 GMT" skipped="0">
  <testcase classname="com.crm.qa.testcases.WiproDemo" name="loginIntoApplication" time="83.016"/>
</testsuite> <!-- com.crm.qa.testcases.WiproDemo -->
